<?xml version="1.0" encoding="UTF-8"?>
<!-- Generated by org.testng.reporters.JUnitXMLReporter -->
<testsuite ignored="0" hostname="lptprasmirekha" failures="0" tests="7" name="Test" time="10.007" errors="0" timestamp="2022-01-08T19:49:04 IST">
  <testcase classname="testNG.TestPriority" name="login" time="0.038"/>
  <testcase classname="testNG.TestPriority" name="logout" time="0.003"/>
  <testcase classname="testNG.TestPriority" name="addEmp" time="0.008"/>
  <testcase classname="testNG.TestPriority" name="delEmp" time="0.012"/>
  <testcase classname="testNG.SimpleProg" name="tc_Login" time="5.67"/>
  <testcase classname="testNG.AnnotationHierarchy" name="tc001" time="0.013"/>
  <testcase classname="testNG.AnnotationHierarchy" name="tc002" time="0.001"/>
</testsuite> <!-- Test -->
